;  LST file generated by mikroListExporter - v.2.0 
; Date/Time: 26.04.2022 13:59:25
;----------------------------------------------

;Address Opcode 	ASM
0x0000	0xF000EF80  	GOTO        256
0x0004	0x0000      	NOP
0x0006	0x0000      	NOP
0x0008	0xF000EF00  	GOTO        0
0x000C	0x0000      	NOP
0x000E	0x0000      	NOP
0x0010	0x0000      	NOP
0x0012	0x0000      	NOP
0x0014	0x0000      	NOP
0x0016	0x0000      	NOP
0x0018	0xD7F3      	BRA         0
_Mul_16X16_U:
;__Lib_Math.c,440 :: 		
;__Lib_Math.c,447 :: 		
0x001C	0x6A0B      	CLRF        R11, 0
;__Lib_Math.c,448 :: 		
0x001E	0x6A0A      	CLRF        R10, 0
;__Lib_Math.c,449 :: 		
0x0020	0x6A09      	CLRF        R9, 0
;__Lib_Math.c,450 :: 		
0x0022	0x5000      	MOVF        R0, 0, 0
;__Lib_Math.c,451 :: 		
0x0024	0x0204      	MULWF       R4, 0
;__Lib_Math.c,453 :: 		
0x0026	0xF009CFF4  	MOVFF       PRODH, R9
;__Lib_Math.c,454 :: 		
0x002A	0xF008CFF3  	MOVFF       PRODL, R8
;__Lib_Math.c,455 :: 		
0x002E	0x5001      	MOVF        R1, 0, 0
;__Lib_Math.c,456 :: 		
0x0030	0x0205      	MULWF       R5, 0
;__Lib_Math.c,458 :: 		
0x0032	0xF00BCFF4  	MOVFF       PRODH, R11
;__Lib_Math.c,459 :: 		
0x0036	0xF00ACFF3  	MOVFF       PRODL, R10
;__Lib_Math.c,460 :: 		
0x003A	0x5000      	MOVF        R0, 0, 0
;__Lib_Math.c,461 :: 		
0x003C	0x0205      	MULWF       R5, 0
;__Lib_Math.c,463 :: 		
0x003E	0x50F3      	MOVF        PRODL, 0, 0
;__Lib_Math.c,464 :: 		
0x0040	0x2609      	ADDWF       R9, 1, 0
;__Lib_Math.c,465 :: 		
0x0042	0x50F4      	MOVF        PRODH, 0, 0
;__Lib_Math.c,466 :: 		
0x0044	0x220A      	ADDWFC      R10, 1, 0
;__Lib_Math.c,467 :: 		
0x0046	0x6AE8      	CLRF        WREG, 0
;__Lib_Math.c,468 :: 		
0x0048	0x220B      	ADDWFC      R11, 1, 0
;__Lib_Math.c,469 :: 		
0x004A	0x5001      	MOVF        R1, 0, 0
;__Lib_Math.c,470 :: 		
0x004C	0x0204      	MULWF       R4, 0
;__Lib_Math.c,472 :: 		
0x004E	0x50F3      	MOVF        PRODL, 0, 0
;__Lib_Math.c,473 :: 		
0x0050	0x2609      	ADDWF       R9, 1, 0
;__Lib_Math.c,474 :: 		
0x0052	0x50F4      	MOVF        PRODH, 0, 0
;__Lib_Math.c,475 :: 		
0x0054	0x220A      	ADDWFC      R10, 1, 0
;__Lib_Math.c,476 :: 		
0x0056	0x6AE8      	CLRF        WREG, 0
;__Lib_Math.c,477 :: 		
0x0058	0x220B      	ADDWFC      R11, 1, 0
;__Lib_Math.c,479 :: 		
0x005A	0xF000C008  	MOVFF       R8, R0
;__Lib_Math.c,480 :: 		
0x005E	0xF001C009  	MOVFF       R9, R1
;__Lib_Math.c,481 :: 		
0x0062	0xF002C00A  	MOVFF       R10, R2
;__Lib_Math.c,482 :: 		
0x0066	0xF003C00B  	MOVFF       R11, R3
;__Lib_Math.c,485 :: 		
L_end_Mul_16X16_U:
0x006A	0x0012      	RETURN      0
; end of _Mul_16X16_U
_PWM4_Start:
;__Lib_PWM_b5d1e2.c,49 :: 		
;__Lib_PWM_b5d1e2.c,50 :: 		
0x006C	0x9295      	BCF         TRISD1_bit, BitPos(TRISD1_bit+0) 
;__Lib_PWM_b5d1e2.c,51 :: 		
0x006E	0x84BA      	BSF         T2CON, 2 
;__Lib_PWM_b5d1e2.c,52 :: 		
0x0070	0x0E0C      	MOVLW       12
0x0072	0x010F      	MOVLB       15
0x0074	0x1357      	IORWF       CCP4CON, 1, 1
;__Lib_PWM_b5d1e2.c,53 :: 		
L_end_PWM4_Start:
0x0076	0x0012      	RETURN      0
; end of _PWM4_Start
___CC2DW:
;__Lib_System.c,21 :: 		
;__Lib_System.c,23 :: 		
_CC2DL_Loop1:
;__Lib_System.c,24 :: 		
0x0078	0x0009      	TBLRD*+
;__Lib_System.c,25 :: 		
0x007A	0xFFE6CFF5  	MOVFF       TABLAT, POSTINC1
;__Lib_System.c,26 :: 		
0x007E	0x0600      	DECF        R0, 1, 0
;__Lib_System.c,27 :: 		
0x0080	0xE1FB      	BNZ         _CC2DL_Loop1
;__Lib_System.c,28 :: 		
0x0082	0x0601      	DECF        R1, 1, 0
;__Lib_System.c,29 :: 		
0x0084	0xE1F9      	BNZ         _CC2DL_Loop1
;__Lib_System.c,31 :: 		
L_end___CC2DW:
0x0086	0x0012      	RETURN      0
; end of ___CC2DW
_PWM4_Init:
;__Lib_PWM_b5d1e2.c,31 :: 		
;__Lib_PWM_b5d1e2.c,32 :: 		
;__Lib_PWM_b5d1e2.c,33 :: 		
0x0088	0x010F      	MOVLB       15
0x008A	0x6B58      	CLRF        CCPR4L, 1
;__Lib_PWM_b5d1e2.c,34 :: 		
0x008C	0x9957      	BCF         CCP4CON, 4, 1
;__Lib_PWM_b5d1e2.c,35 :: 		
0x008E	0x9B57      	BCF         CCP4CON, 5, 1
;__Lib_PWM_b5d1e2.c,36 :: 		
L_end_PWM4_Init:
0x0090	0x0012      	RETURN      0
; end of _PWM4_Init
_PWM4_Set_Duty:
;__Lib_PWM_b5d1e2.c,38 :: 		
;__Lib_PWM_b5d1e2.c,42 :: 		
0x0092	0x50BB      	MOVF        PR2, 0 
0x0094	0x0F01      	ADDLW       1
0x0096	0x6E00      	MOVWF       R0 
0x0098	0x6A01      	CLRF        R1 
0x009A	0x0E00      	MOVLW       0
0x009C	0x2201      	ADDWFC      R1, 1 
0x009E	0xF004C039  	MOVFF       FARG_PWM4_Set_Duty_new_duty, R4
0x00A2	0x0E00      	MOVLW       0
0x00A4	0x6E05      	MOVWF       R5 
0x00A6	0xDFBA      	RCALL       _Mul_16X16_U
0x00A8	0x0E06      	MOVLW       6
0x00AA	0x6E02      	MOVWF       R2 
0x00AC	0xF004C000  	MOVFF       R0, R4
0x00B0	0xF005C001  	MOVFF       R1, R5
0x00B4	0x5002      	MOVF        R2, 0 
L__PWM4_Set_Duty10:
0x00B6	0xE005      	BZ          L__PWM4_Set_Duty11
0x00B8	0x3205      	RRCF        R5, 1 
0x00BA	0x3204      	RRCF        R4, 1 
0x00BC	0x9E05      	BCF         R5, 7 
0x00BE	0x0FFF      	ADDLW       255
0x00C0	0xD7FA      	BRA         L__PWM4_Set_Duty10
L__PWM4_Set_Duty11:
;__Lib_PWM_b5d1e2.c,43 :: 		
0x00C2	0x0E04      	MOVLW       4
0x00C4	0x6E01      	MOVWF       R1 
0x00C6	0xF000C004  	MOVFF       R4, R0
0x00CA	0x5001      	MOVF        R1, 0 
L__PWM4_Set_Duty12:
0x00CC	0xE004      	BZ          L__PWM4_Set_Duty13
0x00CE	0x3600      	RLCF        R0, 1 
0x00D0	0x9000      	BCF         R0, 0 
0x00D2	0x0FFF      	ADDLW       255
0x00D4	0xD7FB      	BRA         L__PWM4_Set_Duty12
L__PWM4_Set_Duty13:
0x00D6	0x0E30      	MOVLW       48
0x00D8	0x1400      	ANDWF       R0, 0 
0x00DA	0x6E03      	MOVWF       R3 
;__Lib_PWM_b5d1e2.c,44 :: 		
0x00DC	0xF000C004  	MOVFF       R4, R0
0x00E0	0xF001C005  	MOVFF       R5, R1
0x00E4	0x3201      	RRCF        R1, 1 
0x00E6	0x3200      	RRCF        R0, 1 
0x00E8	0x9E01      	BCF         R1, 7 
0x00EA	0x3201      	RRCF        R1, 1 
0x00EC	0x3200      	RRCF        R0, 1 
0x00EE	0x9E01      	BCF         R1, 7 
0x00F0	0xFF58C000  	MOVFF       R0, CCPR4L
;__Lib_PWM_b5d1e2.c,45 :: 		
0x00F4	0x0E0F      	MOVLW       15
0x00F6	0x010F      	MOVLB       15
0x00F8	0x1757      	ANDWF       CCP4CON, 1, 1
;__Lib_PWM_b5d1e2.c,46 :: 		
0x00FA	0x5003      	MOVF        R3, 0 
0x00FC	0x1357      	IORWF       CCP4CON, 1, 1
;__Lib_PWM_b5d1e2.c,47 :: 		
L_end_PWM4_Set_Duty:
0x00FE	0x0012      	RETURN      0
; end of _PWM4_Set_Duty
_main:
0x0100	0xF000ECA2  	CALL        324, 0
;pwm.c,1 :: 		void main() {
;pwm.c,2 :: 		OSCCON = 0x62;
0x0104	0x0E62      	MOVLW       98
0x0106	0x6ED3      	MOVWF       OSCCON 
;pwm.c,3 :: 		ANSELD = 0;
0x0108	0x010F      	MOVLB       15
0x010A	0x6B3B      	CLRF        ANSELD, 1
;pwm.c,5 :: 		PORTD = 0;
0x010C	0x6A83      	CLRF        PORTD 
;pwm.c,6 :: 		TRISD = 0;
0x010E	0x6A95      	CLRF        TRISD 
;pwm.c,7 :: 		PWM4_Init(5000);
0x0110	0x80BA      	BSF         T2CON, 0, 0
0x0112	0x92BA      	BCF         T2CON, 1, 0
0x0114	0x0E63      	MOVLW       99
0x0116	0x6EBB      	MOVWF       PR2, 0
0x0118	0xDFB7      	RCALL       _PWM4_Init
;pwm.c,8 :: 		PWM4_Set_Duty(50);
0x011A	0x0E32      	MOVLW       50
0x011C	0x6E39      	MOVWF       FARG_PWM4_Set_Duty_new_duty 
0x011E	0xDFB9      	RCALL       _PWM4_Set_Duty
;pwm.c,9 :: 		PWM4_Start();
0x0120	0xDFA5      	RCALL       _PWM4_Start
;pwm.c,10 :: 		}
L_end_main:
0x0122	0xD7FF      	BRA         $+0
; end of _main
0x0144	0xF015EE10  	LFSR        1, 21
0x0148	0x0E20      	MOVLW       32
0x014A	0x6E00      	MOVWF       R0 
0x014C	0x0E01      	MOVLW       1
0x014E	0x6E01      	MOVWF       R1 
0x0150	0x0E24      	MOVLW       36
0x0152	0x6EF6      	MOVWF       TBLPTR 
0x0154	0x0E01      	MOVLW       1
0x0156	0x6EF7      	MOVWF       TBLPTRH 
0x0158	0x0E00      	MOVLW       0
0x015A	0x6EF8      	MOVWF       TBLPTRU 
0x015C	0xF000EC3C  	CALL        120, 0
0x0160	0x0012      	RETURN      0
;__Lib_FT5XX6.c,0 :: ?ICS__Lib_FT5XX6_OrientPrototype1
0x0124	0x0037 ;?ICS__Lib_FT5XX6_OrientPrototype1+0
0x0126	0x0036 ;?ICS__Lib_FT5XX6_OrientPrototype1+2
0x0128	0x0035 ;?ICS__Lib_FT5XX6_OrientPrototype1+4
0x012A	0x0038 ;?ICS__Lib_FT5XX6_OrientPrototype1+6
; end of ?ICS__Lib_FT5XX6_OrientPrototype1
;__Lib_FT5XX6.c,0 :: ?ICS__Lib_FT5XX6_OrientPrototype0
0x012C	0x0036 ;?ICS__Lib_FT5XX6_OrientPrototype0+0
0x012E	0x0035 ;?ICS__Lib_FT5XX6_OrientPrototype0+2
0x0130	0x0038 ;?ICS__Lib_FT5XX6_OrientPrototype0+4
0x0132	0x0037 ;?ICS__Lib_FT5XX6_OrientPrototype0+6
; end of ?ICS__Lib_FT5XX6_OrientPrototype0
;__Lib_FT5XX6.c,0 :: ?ICS__Lib_FT5XX6_OrientPrototype3
0x0134	0x0035 ;?ICS__Lib_FT5XX6_OrientPrototype3+0
0x0136	0x0038 ;?ICS__Lib_FT5XX6_OrientPrototype3+2
0x0138	0x0037 ;?ICS__Lib_FT5XX6_OrientPrototype3+4
0x013A	0x0036 ;?ICS__Lib_FT5XX6_OrientPrototype3+6
; end of ?ICS__Lib_FT5XX6_OrientPrototype3
;__Lib_FT5XX6.c,0 :: ?ICS__Lib_FT5XX6_OrientPrototype2
0x013C	0x0038 ;?ICS__Lib_FT5XX6_OrientPrototype2+0
0x013E	0x0037 ;?ICS__Lib_FT5XX6_OrientPrototype2+2
0x0140	0x0036 ;?ICS__Lib_FT5XX6_OrientPrototype2+4
0x0142	0x0035 ;?ICS__Lib_FT5XX6_OrientPrototype2+6
; end of ?ICS__Lib_FT5XX6_OrientPrototype2
Symbol List:
//** Routines locations **
//ADDRESS    SIZE    PROCEDURE
//----------------------------------------------
0x001C      [80]    _Mul_16X16_U
0x006C      [12]    _PWM4_Start
0x0078      [16]    ___CC2DW
0x0088      [10]    _PWM4_Init
0x0092     [110]    _PWM4_Set_Duty
0x0100      [36]    _main
//** Variables locations ** 
//ADDRESS    SIZE    VARIABLE
//----------------------------------------------
0x0000       [1]    FLASH_Erase_64_SaveINTCON_L0
0x0000       [1]    UART2_Init_tmp_L0
0x0000       [1]    R0
0x0000       [1]    SPI1_Write_tmp_L0
0x0000       [1]    __Lib_SoftI2C_PutZerosToLATScl_temp_scl_L0
0x0000       [1]    UART1_Init_tmp_L0
0x0000       [1]    SPI2_Write_tmp_L0
0x0000       [1]    __Lib_SoftI2C_PutZerosToLATSda_temp_sda_L0
0x0000       [1]    EEPROM_Write_SaveINTCON_L0
0x0001       [1]    __Lib_TFT_16bit_JPEG_FileRead_i_L0
0x0001       [1]    UART2_Read___tmp_UART2_Read_L0
0x0001       [1]    __Lib_TFT_16bit_JPEG_FileReadBytes_Result_L0
0x0001       [1]    __Lib_TFT_JPEG_FileRead_i_L0
0x0001       [2]    FLASH_Read_N_Bytes_i_L0
0x0001       [1]    R1
0x0001       [1]    UART1_Read___tmp_UART1_Read_L0
0x0001       [1]    __Lib_PS2_Wait_Falling_nsample_L0
0x0001       [1]    FLASH_Write_64_i_L0
0x0001       [1]    __Lib_TFT_JPEG_FileReadBytes_Result_L0
0x0001       [1]    __Lib_Conversions_Adjust_Hex_tmp_L0
0x0001       [1]    ispunct_rslt_L0
0x0001       [1]    FLASH_Erase_Write_64_i_L0
0x0002       [1]    FLASH_Write_64_SaveINTCON_L0
0x0002       [2]    memchr_s_L0
0x0002       [2]    strlen_cp_L0
0x0002       [2]    FT5XX6_GetGestureIndex_i_L0
0x0002       [2]    memset_pp_L0
0x0002       [1]    FLASH_Erase_Write_64_j_L0
0x0002       [1]    R2
0x0002       [2]    memcpy_dd_L0
0x0003       [1]    MM_Init_i_L0
0x0003       [1]    R3
0x0003       [2]    __Lib_MmcFat16_f16_toInt_l_L0
0x0003       [1]    __Lib_Sprinti_?FLOC____Lib_Sprinti_Do_FillT29
0x0003       [1]    FLASH_Erase_Write_64_SaveINTCON_L0
0x0003       [2]    memmove_tt_L0
0x0003       [2]    MM_TotalFreeMemSize_Tot_L0
0x0003       [2]    Ltrim_original_L0
0x0004       [2]    __Lib_MemManager_MM_GetMemAlign_P_L0
0x0004       [2]    strcat_cp_L0
0x0004       [2]    frexp_pom_L0
0x0004       [2]    strncpy_cp_L0
0x0004       [2]    strcpy_cp_L0
0x0004       [1]    __Lib_Sprinti_?FLOC____Lib_Sprinti_Do_FillT40
0x0004       [1]    R4
0x0004       [2]    strncat_cp_L0
0x0004       [2]    memcpy_ss_L0
0x0005       [2]    LongWordToHex_input_half_L0
0x0005       [2]    Ltrim_p_L0
0x0005       [2]    memmove_ff_L0
0x0005       [2]    LongIntToHex_input_half_L0
0x0005       [1]    MM_TotalFreeMemSize_i_L0
0x0005       [1]    __Lib_Sprinti_?FLOC____Lib_Sprinti_Do_FillT54
0x0005       [1]    R5
0x0006       [1]    __Lib_Sprinti_?FLOC____Lib_Sprinti_Do_FillT69
0x0006       [1]    __Lib_MemManager_MM_GetMemAlign_i_L0
0x0006       [1]    R6
0x0007       [1]    R7
0x0007       [1]    __Lib_TFT_16bit_JPEG_GenerateHuffmanTables_bLength_L0
0x0007       [1]    __Lib_TFT_JPEG_GenerateHuffmanTables_bLength_L0
0x0008       [1]    __Lib_TFT_JPEG_GenerateHuffmanTables_bTable_L0
0x0008       [1]    __Lib_TFT_16bit_JPEG_GenerateHuffmanTables_bTable_L0
0x0008       [1]    R8
0x0009       [4]    __Lib_MmcFat16_f16_toLong_l_L0
0x0009       [1]    R9
0x000A       [1]    R10
0x000B       [1]    R11
0x000C       [1]    R12
0x000D       [1]    R13
0x000E       [1]    R14
0x000F       [1]    R15
0x0010       [1]    R16
0x0011       [1]    R17
0x0012       [1]    R18
0x0013       [1]    R19
0x0014       [1]    R20
0x0015       [8]    __Lib_FT5XX6_OrientPrototype1
0x001D       [8]    __Lib_FT5XX6_OrientPrototype0
0x0025       [8]    __Lib_FT5XX6_OrientPrototype3
0x002D       [8]    __Lib_FT5XX6_OrientPrototype2
0x0035       [1]    _ft5xx6_gest_move_right
0x0036       [1]    _ft5xx6_gest_move_up
0x0037       [1]    _ft5xx6_gest_move_left
0x0038       [1]    _ft5xx6_gest_move_down
0x0039       [1]    FARG_PWM4_Set_Duty_new_duty
0x0039       [4]    FARG_PWM4_Init_PWM_Freq
0x0F3B       [1]    ANSELD
0x0F57       [1]    CCP4CON
0x0F58       [1]    CCPR4L
0x0F83       [1]    PORTD
0x0F95       [1]    TRISD
0x0F95       [0]    TRISD1_bit
0x0FBA       [1]    T2CON
0x0FBB       [1]    PR2
0x0FD3       [1]    OSCCON
0x0FD8       [1]    STATUS
0x0FD9       [1]    FSR2L
0x0FDA       [1]    FSR2H
0x0FDE       [1]    POSTINC2
0x0FE0       [1]    BSR
0x0FE1       [1]    FSR1L
0x0FE2       [1]    FSR1H
0x0FE4       [1]    PREINC1
0x0FE6       [1]    POSTINC1
0x0FE7       [1]    INDF1
0x0FE8       [1]    WREG
0x0FE9       [1]    FSR0L
0x0FEA       [1]    FSR0H
0x0FEE       [1]    POSTINC0
0x0FF3       [1]    PRODL
0x0FF4       [1]    PRODH
0x0FF5       [1]    TABLAT
0x0FF6       [1]    TBLPTRL
0x0FF6       [3]    TBLPTR
0x0FF7       [1]    TBLPTRH
0x0FF8       [1]    TBLPTRU
//** Constants locations ** 
//ADDRESS    SIZE    CONSTANT
//----------------------------------------------
0x0124       [8]    ?ICS__Lib_FT5XX6_OrientPrototype1
0x012C       [8]    ?ICS__Lib_FT5XX6_OrientPrototype0
0x0134       [8]    ?ICS__Lib_FT5XX6_OrientPrototype3
0x013C       [8]    ?ICS__Lib_FT5XX6_OrientPrototype2
